/!\ FAILSAFE /!\  2010-02-08 23:10:02 -0200
  Status: 500 Internal Server Error
  no such file to load -- sqlite3
    /var/lib/gems/1.9.0/gems/activesupport-2.3.5/lib/active_support/dependencies.rb:156:in `require'
    /var/lib/gems/1.9.0/gems/activesupport-2.3.5/lib/active_support/dependencies.rb:156:in `block in require'
    /var/lib/gems/1.9.0/gems/activesupport-2.3.5/lib/active_support/dependencies.rb:521:in `new_constants_in'
    /var/lib/gems/1.9.0/gems/activesupport-2.3.5/lib/active_support/dependencies.rb:156:in `require'
    /var/lib/gems/1.9.0/gems/activesupport-2.3.5/lib/active_support/core_ext/kernel/requires.rb:7:in `block in require_library_or_gem'
    /var/lib/gems/1.9.0/gems/activesupport-2.3.5/lib/active_support/core_ext/kernel/reporting.rb:11:in `silence_warnings'
    /var/lib/gems/1.9.0/gems/activesupport-2.3.5/lib/active_support/core_ext/kernel/requires.rb:5:in `require_library_or_gem'
    /var/lib/gems/1.9.0/gems/activerecord-2.3.5/lib/active_record/connection_adapters/sqlite3_adapter.rb:10:in `sqlite3_connection'
    /var/lib/gems/1.9.0/gems/activerecord-2.3.5/lib/active_record/connection_adapters/abstract/connection_pool.rb:223:in `new_connection'
    /var/lib/gems/1.9.0/gems/activerecord-2.3.5/lib/active_record/connection_adapters/abstract/connection_pool.rb:245:in `checkout_new_connection'
    /var/lib/gems/1.9.0/gems/activerecord-2.3.5/lib/active_record/connection_adapters/abstract/connection_pool.rb:188:in `block (2 levels) in checkout'
    /var/lib/gems/1.9.0/gems/activerecord-2.3.5/lib/active_record/connection_adapters/abstract/connection_pool.rb:184:in `loop'
    /var/lib/gems/1.9.0/gems/activerecord-2.3.5/lib/active_record/connection_adapters/abstract/connection_pool.rb:184:in `block in checkout'
    /usr/lib/ruby/1.9.0/monitor.rb:190:in `mon_synchronize'
    /var/lib/gems/1.9.0/gems/activerecord-2.3.5/lib/active_record/connection_adapters/abstract/connection_pool.rb:183:in `checkout'
    /var/lib/gems/1.9.0/gems/activerecord-2.3.5/lib/active_record/connection_adapters/abstract/connection_pool.rb:98:in `connection'
    /var/lib/gems/1.9.0/gems/activerecord-2.3.5/lib/active_record/connection_adapters/abstract/connection_pool.rb:326:in `retrieve_connection'
    /var/lib/gems/1.9.0/gems/activerecord-2.3.5/lib/active_record/connection_adapters/abstract/connection_specification.rb:123:in `retrieve_connection'
    /var/lib/gems/1.9.0/gems/activerecord-2.3.5/lib/active_record/connection_adapters/abstract/connection_specification.rb:115:in `connection'
    /var/lib/gems/1.9.0/gems/activerecord-2.3.5/lib/active_record/query_cache.rb:9:in `cache'
    /var/lib/gems/1.9.0/gems/activerecord-2.3.5/lib/active_record/query_cache.rb:28:in `call'
    /var/lib/gems/1.9.0/gems/activerecord-2.3.5/lib/active_record/connection_adapters/abstract/connection_pool.rb:361:in `call'
    /var/lib/gems/1.9.0/gems/actionpack-2.3.5/lib/action_controller/string_coercion.rb:25:in `call'
    /var/lib/gems/1.9.0/gems/rack-1.0.1/lib/rack/head.rb:9:in `call'
    /var/lib/gems/1.9.0/gems/rack-1.0.1/lib/rack/methodoverride.rb:24:in `call'
    /var/lib/gems/1.9.0/gems/actionpack-2.3.5/lib/action_controller/params_parser.rb:15:in `call'
    /var/lib/gems/1.9.0/gems/actionpack-2.3.5/lib/action_controller/session/cookie_store.rb:93:in `call'
    /var/lib/gems/1.9.0/gems/actionpack-2.3.5/lib/action_controller/failsafe.rb:26:in `call'
    /var/lib/gems/1.9.0/gems/rack-1.0.1/lib/rack/lock.rb:11:in `block in call'
    <internal:prelude>:8:in `synchronize'
    /var/lib/gems/1.9.0/gems/rack-1.0.1/lib/rack/lock.rb:11:in `call'
    /var/lib/gems/1.9.0/gems/actionpack-2.3.5/lib/action_controller/dispatcher.rb:114:in `block in call'
    /var/lib/gems/1.9.0/gems/actionpack-2.3.5/lib/action_controller/reloader.rb:34:in `run'
    /var/lib/gems/1.9.0/gems/actionpack-2.3.5/lib/action_controller/dispatcher.rb:108:in `call'
    /var/lib/gems/1.9.0/gems/rails-2.3.5/lib/rails/rack/static.rb:31:in `call'
    /var/lib/gems/1.9.0/gems/rack-1.0.1/lib/rack/urlmap.rb:46:in `block in call'
    /var/lib/gems/1.9.0/gems/rack-1.0.1/lib/rack/urlmap.rb:40:in `each'
    /var/lib/gems/1.9.0/gems/rack-1.0.1/lib/rack/urlmap.rb:40:in `call'
    /var/lib/gems/1.9.0/gems/rails-2.3.5/lib/rails/rack/log_tailer.rb:17:in `call'
    /var/lib/gems/1.9.0/gems/rack-1.0.1/lib/rack/content_length.rb:13:in `call'
    /var/lib/gems/1.9.0/gems/rack-1.0.1/lib/rack/handler/webrick.rb:50:in `service'
    /usr/lib/ruby/1.9.0/webrick/httpserver.rb:111:in `service'
    /usr/lib/ruby/1.9.0/webrick/httpserver.rb:70:in `run'
    /usr/lib/ruby/1.9.0/webrick/server.rb:183:in `block in start_thread'
/!\ FAILSAFE /!\  2010-02-08 23:12:13 -0200
  Status: 500 Internal Server Error
  no driver for sqlite3 found
    /var/lib/gems/1.9.0/gems/sqlite3-0.0.7/lib/sqlite3/database.rb:301:in `load_driver'
    /var/lib/gems/1.9.0/gems/sqlite3-0.0.7/lib/sqlite3/database.rb:67:in `initialize'
    /var/lib/gems/1.9.0/gems/activerecord-2.3.5/lib/active_record/connection_adapters/sqlite3_adapter.rb:13:in `new'
    /var/lib/gems/1.9.0/gems/activerecord-2.3.5/lib/active_record/connection_adapters/sqlite3_adapter.rb:13:in `sqlite3_connection'
    /var/lib/gems/1.9.0/gems/activerecord-2.3.5/lib/active_record/connection_adapters/abstract/connection_pool.rb:223:in `new_connection'
    /var/lib/gems/1.9.0/gems/activerecord-2.3.5/lib/active_record/connection_adapters/abstract/connection_pool.rb:245:in `checkout_new_connection'
    /var/lib/gems/1.9.0/gems/activerecord-2.3.5/lib/active_record/connection_adapters/abstract/connection_pool.rb:188:in `block (2 levels) in checkout'
    /var/lib/gems/1.9.0/gems/activerecord-2.3.5/lib/active_record/connection_adapters/abstract/connection_pool.rb:184:in `loop'
    /var/lib/gems/1.9.0/gems/activerecord-2.3.5/lib/active_record/connection_adapters/abstract/connection_pool.rb:184:in `block in checkout'
    /usr/lib/ruby/1.9.0/monitor.rb:190:in `mon_synchronize'
    /var/lib/gems/1.9.0/gems/activerecord-2.3.5/lib/active_record/connection_adapters/abstract/connection_pool.rb:183:in `checkout'
    /var/lib/gems/1.9.0/gems/activerecord-2.3.5/lib/active_record/connection_adapters/abstract/connection_pool.rb:98:in `connection'
    /var/lib/gems/1.9.0/gems/activerecord-2.3.5/lib/active_record/connection_adapters/abstract/connection_pool.rb:326:in `retrieve_connection'
    /var/lib/gems/1.9.0/gems/activerecord-2.3.5/lib/active_record/connection_adapters/abstract/connection_specification.rb:123:in `retrieve_connection'
    /var/lib/gems/1.9.0/gems/activerecord-2.3.5/lib/active_record/connection_adapters/abstract/connection_specification.rb:115:in `connection'
    /var/lib/gems/1.9.0/gems/activerecord-2.3.5/lib/active_record/query_cache.rb:9:in `cache'
    /var/lib/gems/1.9.0/gems/activerecord-2.3.5/lib/active_record/query_cache.rb:28:in `call'
    /var/lib/gems/1.9.0/gems/activerecord-2.3.5/lib/active_record/connection_adapters/abstract/connection_pool.rb:361:in `call'
    /var/lib/gems/1.9.0/gems/actionpack-2.3.5/lib/action_controller/string_coercion.rb:25:in `call'
    /var/lib/gems/1.9.0/gems/rack-1.0.1/lib/rack/head.rb:9:in `call'
    /var/lib/gems/1.9.0/gems/rack-1.0.1/lib/rack/methodoverride.rb:24:in `call'
    /var/lib/gems/1.9.0/gems/actionpack-2.3.5/lib/action_controller/params_parser.rb:15:in `call'
    /var/lib/gems/1.9.0/gems/actionpack-2.3.5/lib/action_controller/session/cookie_store.rb:93:in `call'
    /var/lib/gems/1.9.0/gems/actionpack-2.3.5/lib/action_controller/failsafe.rb:26:in `call'
    /var/lib/gems/1.9.0/gems/rack-1.0.1/lib/rack/lock.rb:11:in `block in call'
    <internal:prelude>:8:in `synchronize'
    /var/lib/gems/1.9.0/gems/rack-1.0.1/lib/rack/lock.rb:11:in `call'
    /var/lib/gems/1.9.0/gems/actionpack-2.3.5/lib/action_controller/dispatcher.rb:114:in `block in call'
    /var/lib/gems/1.9.0/gems/actionpack-2.3.5/lib/action_controller/reloader.rb:34:in `run'
    /var/lib/gems/1.9.0/gems/actionpack-2.3.5/lib/action_controller/dispatcher.rb:108:in `call'
    /var/lib/gems/1.9.0/gems/rails-2.3.5/lib/rails/rack/static.rb:31:in `call'
    /var/lib/gems/1.9.0/gems/rack-1.0.1/lib/rack/urlmap.rb:46:in `block in call'
    /var/lib/gems/1.9.0/gems/rack-1.0.1/lib/rack/urlmap.rb:40:in `each'
    /var/lib/gems/1.9.0/gems/rack-1.0.1/lib/rack/urlmap.rb:40:in `call'
    /var/lib/gems/1.9.0/gems/rails-2.3.5/lib/rails/rack/log_tailer.rb:17:in `call'
    /var/lib/gems/1.9.0/gems/rack-1.0.1/lib/rack/content_length.rb:13:in `call'
    /var/lib/gems/1.9.0/gems/rack-1.0.1/lib/rack/handler/webrick.rb:50:in `service'
    /usr/lib/ruby/1.9.0/webrick/httpserver.rb:111:in `service'
    /usr/lib/ruby/1.9.0/webrick/httpserver.rb:70:in `run'
    /usr/lib/ruby/1.9.0/webrick/server.rb:183:in `block in start_thread'
/!\ FAILSAFE /!\  2010-02-08 23:13:35 -0200
  Status: 500 Internal Server Error
  no driver for sqlite3 found
    /var/lib/gems/1.9.0/gems/sqlite3-0.0.7/lib/sqlite3/database.rb:301:in `load_driver'
    /var/lib/gems/1.9.0/gems/sqlite3-0.0.7/lib/sqlite3/database.rb:67:in `initialize'
    /var/lib/gems/1.9.0/gems/activerecord-2.3.5/lib/active_record/connection_adapters/sqlite3_adapter.rb:13:in `new'
    /var/lib/gems/1.9.0/gems/activerecord-2.3.5/lib/active_record/connection_adapters/sqlite3_adapter.rb:13:in `sqlite3_connection'
    /var/lib/gems/1.9.0/gems/activerecord-2.3.5/lib/active_record/connection_adapters/abstract/connection_pool.rb:223:in `new_connection'
    /var/lib/gems/1.9.0/gems/activerecord-2.3.5/lib/active_record/connection_adapters/abstract/connection_pool.rb:245:in `checkout_new_connection'
    /var/lib/gems/1.9.0/gems/activerecord-2.3.5/lib/active_record/connection_adapters/abstract/connection_pool.rb:188:in `block (2 levels) in checkout'
    /var/lib/gems/1.9.0/gems/activerecord-2.3.5/lib/active_record/connection_adapters/abstract/connection_pool.rb:184:in `loop'
    /var/lib/gems/1.9.0/gems/activerecord-2.3.5/lib/active_record/connection_adapters/abstract/connection_pool.rb:184:in `block in checkout'
    /usr/lib/ruby/1.9.0/monitor.rb:190:in `mon_synchronize'
    /var/lib/gems/1.9.0/gems/activerecord-2.3.5/lib/active_record/connection_adapters/abstract/connection_pool.rb:183:in `checkout'
    /var/lib/gems/1.9.0/gems/activerecord-2.3.5/lib/active_record/connection_adapters/abstract/connection_pool.rb:98:in `connection'
    /var/lib/gems/1.9.0/gems/activerecord-2.3.5/lib/active_record/connection_adapters/abstract/connection_pool.rb:326:in `retrieve_connection'
    /var/lib/gems/1.9.0/gems/activerecord-2.3.5/lib/active_record/connection_adapters/abstract/connection_specification.rb:123:in `retrieve_connection'
    /var/lib/gems/1.9.0/gems/activerecord-2.3.5/lib/active_record/connection_adapters/abstract/connection_specification.rb:115:in `connection'
    /var/lib/gems/1.9.0/gems/activerecord-2.3.5/lib/active_record/query_cache.rb:9:in `cache'
    /var/lib/gems/1.9.0/gems/activerecord-2.3.5/lib/active_record/query_cache.rb:28:in `call'
    /var/lib/gems/1.9.0/gems/activerecord-2.3.5/lib/active_record/connection_adapters/abstract/connection_pool.rb:361:in `call'
    /var/lib/gems/1.9.0/gems/actionpack-2.3.5/lib/action_controller/string_coercion.rb:25:in `call'
    /var/lib/gems/1.9.0/gems/rack-1.0.1/lib/rack/head.rb:9:in `call'
    /var/lib/gems/1.9.0/gems/rack-1.0.1/lib/rack/methodoverride.rb:24:in `call'
    /var/lib/gems/1.9.0/gems/actionpack-2.3.5/lib/action_controller/params_parser.rb:15:in `call'
    /var/lib/gems/1.9.0/gems/actionpack-2.3.5/lib/action_controller/session/cookie_store.rb:93:in `call'
    /var/lib/gems/1.9.0/gems/actionpack-2.3.5/lib/action_controller/failsafe.rb:26:in `call'
    /var/lib/gems/1.9.0/gems/rack-1.0.1/lib/rack/lock.rb:11:in `block in call'
    <internal:prelude>:8:in `synchronize'
    /var/lib/gems/1.9.0/gems/rack-1.0.1/lib/rack/lock.rb:11:in `call'
    /var/lib/gems/1.9.0/gems/actionpack-2.3.5/lib/action_controller/dispatcher.rb:114:in `block in call'
    /var/lib/gems/1.9.0/gems/actionpack-2.3.5/lib/action_controller/reloader.rb:34:in `run'
    /var/lib/gems/1.9.0/gems/actionpack-2.3.5/lib/action_controller/dispatcher.rb:108:in `call'
    /var/lib/gems/1.9.0/gems/rails-2.3.5/lib/rails/rack/static.rb:31:in `call'
    /var/lib/gems/1.9.0/gems/rack-1.0.1/lib/rack/urlmap.rb:46:in `block in call'
    /var/lib/gems/1.9.0/gems/rack-1.0.1/lib/rack/urlmap.rb:40:in `each'
    /var/lib/gems/1.9.0/gems/rack-1.0.1/lib/rack/urlmap.rb:40:in `call'
    /var/lib/gems/1.9.0/gems/rails-2.3.5/lib/rails/rack/log_tailer.rb:17:in `call'
    /var/lib/gems/1.9.0/gems/rack-1.0.1/lib/rack/content_length.rb:13:in `call'
    /var/lib/gems/1.9.0/gems/rack-1.0.1/lib/rack/handler/webrick.rb:50:in `service'
    /usr/lib/ruby/1.9.0/webrick/httpserver.rb:111:in `service'
    /usr/lib/ruby/1.9.0/webrick/httpserver.rb:70:in `run'
    /usr/lib/ruby/1.9.0/webrick/server.rb:183:in `block in start_thread'


Processing ApplicationController#index (for 127.0.0.1 at 2010-02-19 17:22:56) [GET]

ActionController::RoutingError (No route matches "/way_finder/find_way.txt" with {:method=>:get}):
  

Rendering rescues/layout (not_found)


Processing WayFinderController#find_way (for 127.0.0.1 at 2010-02-19 17:23:18) [GET]

NameError (uninitialized constant Mime::TXT):
  app/controllers/way_finder_controller.rb:13:in `find_way'
  app/controllers/way_finder_controller.rb:6:in `find_way'

Rendered rescues/_trace (44.4ms)
Rendered rescues/_request_and_response (20.0ms)
Rendering rescues/layout (internal_server_error)


Processing WayFinderController#find_way (for 127.0.0.1 at 2010-02-19 17:23:51) [GET]
Completed in 5427ms (View: 1, DB: 0) | 200 OK [http://localhost/way_finder/find_way]


Processing ApplicationController#index (for 127.0.0.1 at 2010-02-19 17:23:59) [GET]

ActionController::RoutingError (No route matches "/way_finder/find_way.xml" with {:method=>:get}):
  

Rendering rescues/layout (not_found)


Processing WayFinderController#find_way to xml (for 127.0.0.1 at 2010-02-19 17:24:41) [GET]
Completed in 4647ms (View: 1, DB: 0) | 200 OK [http://localhost/way_finder/find_way.xml]


Processing ApplicationController#index (for 127.0.0.1 at 2010-02-19 17:41:53) [GET]

ActionController::RoutingError (No route matches "/find_way/way_finder" with {:method=>:get}):
  /System/Library/Frameworks/Ruby.framework/Versions/1.8/usr/lib/ruby/1.8/webrick/httpserver.rb:104:in `service'
  /System/Library/Frameworks/Ruby.framework/Versions/1.8/usr/lib/ruby/1.8/webrick/httpserver.rb:65:in `run'
  /System/Library/Frameworks/Ruby.framework/Versions/1.8/usr/lib/ruby/1.8/webrick/server.rb:173:in `start_thread'
  /System/Library/Frameworks/Ruby.framework/Versions/1.8/usr/lib/ruby/1.8/webrick/server.rb:162:in `start'
  /System/Library/Frameworks/Ruby.framework/Versions/1.8/usr/lib/ruby/1.8/webrick/server.rb:162:in `start_thread'
  /System/Library/Frameworks/Ruby.framework/Versions/1.8/usr/lib/ruby/1.8/webrick/server.rb:95:in `start'
  /System/Library/Frameworks/Ruby.framework/Versions/1.8/usr/lib/ruby/1.8/webrick/server.rb:92:in `each'
  /System/Library/Frameworks/Ruby.framework/Versions/1.8/usr/lib/ruby/1.8/webrick/server.rb:92:in `start'
  /System/Library/Frameworks/Ruby.framework/Versions/1.8/usr/lib/ruby/1.8/webrick/server.rb:23:in `start'
  /System/Library/Frameworks/Ruby.framework/Versions/1.8/usr/lib/ruby/1.8/webrick/server.rb:82:in `start'

Rendering rescues/layout (not_found)


Processing WayFinderController#find_way (for 127.0.0.1 at 2010-02-19 17:42:11) [GET]
Completed in 3630ms (View: 1 | 200 OK [http://localhost/way_finder/find_way]
